2019-04-29 09:05:00,137 -  case - INFO - 测试开始啦 - [log.py:26 ]
2019-04-29 09:05:00,139 -  case - ERROR - 测试报错 - [log.py:27 ]
2019-04-29 09:05:00,139 -  case - INFO - 测试结束 - [log.py:29 ]
2019-04-29 09:15:40,274 -  case - INFO - 测试开始啦 - [log.py:26 ]
2019-04-29 09:15:40,276 -  case - ERROR - 测试报错 - [log.py:27 ]
2019-04-29 09:15:40,276 -  case - INFO - 测试结束 - [log.py:29 ]
2019-04-29 09:24:10,262 -  case - INFO - 测试开始啦 - [log.py:28 ]
2019-04-29 09:24:10,262 -  case - ERROR - 测试报错 - [log.py:29 ]
2019-04-29 09:24:10,262 -  case - INFO - 测试结束 - [log.py:31 ]
2019-04-29 09:24:48,727 -  case - INFO - 测试开始啦 - [log.py:28 ]
2019-04-29 09:24:48,728 -  case - ERROR - 测试报错 - [log.py:29 ]
2019-04-29 09:24:48,728 -  case - INFO - 测试结束 - [log.py:31 ]
2019-04-29 09:31:20,580 -  case - INFO - 测试开始啦 - [log.py:26 ]
2019-04-29 09:31:20,581 -  case - ERROR - 测试报错 - [log.py:27 ]
2019-04-29 09:31:20,581 -  case - INFO - 测试结束 - [log.py:29 ]
2019-04-29 09:32:46,302 -  case - INFO - 测试开始啦 - [log.py:26 ]
2019-04-29 09:32:46,302 -  case - ERROR - 测试报错 - [log.py:27 ]
2019-04-29 09:32:46,302 -  case - INFO - 测试结束 - [log.py:29 ]
2019-04-29 09:34:38,359 -  case - INFO - 测试开始啦 - [log.py:26 ]
2019-04-29 09:34:38,359 -  case - ERROR - 测试报错 - [log.py:27 ]
2019-04-29 09:34:38,359 -  case - INFO - 测试结束 - [log.py:29 ]
2019-04-29 09:40:33,641 -  case - INFO - 测试开始啦 - [log.py:26 ]
2019-04-29 09:40:33,641 -  case - ERROR - 测试报错 - [log.py:27 ]
2019-04-29 09:40:33,641 -  case - INFO - 测试结束 - [log.py:29 ]
2019-04-29 09:40:35,769 -  CASE - INFO - 注册成功 - [test_register.py:23 ]
2019-04-29 09:40:36,044 -  CASE - INFO - 密码为空，注册失败 - [test_register.py:23 ]
2019-04-29 09:40:36,044 -  CASE - INFO - 密码为空，注册失败 - [test_register.py:23 ]
2019-04-29 09:40:36,165 -  CASE - INFO - 手机号码为空，注册失败 - [test_register.py:23 ]
2019-04-29 09:40:36,165 -  CASE - INFO - 手机号码为空，注册失败 - [test_register.py:23 ]
2019-04-29 09:40:36,165 -  CASE - INFO - 手机号码为空，注册失败 - [test_register.py:23 ]
2019-04-29 09:40:36,287 -  CASE - INFO - 重复注册 - [test_register.py:23 ]
2019-04-29 09:40:36,287 -  CASE - INFO - 重复注册 - [test_register.py:23 ]
2019-04-29 09:40:36,287 -  CASE - INFO - 重复注册 - [test_register.py:23 ]
2019-04-29 09:40:36,287 -  CASE - INFO - 重复注册 - [test_register.py:23 ]
2019-04-29 09:48:18,293 -  case - INFO - 测试开始啦 - [log.py:26 ]
2019-04-29 09:48:18,296 -  case - ERROR - 测试报错 - [log.py:27 ]
2019-04-29 09:48:18,297 -  case - INFO - 测试结束 - [log.py:29 ]
2019-04-29 09:48:20,924 -  CASE - INFO - 注册成功 - [test_register.py:23 ]
2019-04-29 09:48:21,186 -  CASE - ERROR - 报错了，'{"status":1,"code":"10001","data":null,"msg":"注册成功"}' != '{"status":0,"code":"20110","data":null,"msg":"手机号码已被注册"}'
- {"status":1,"code":"10001","data":null,"msg":"注册成功"}
?           ^           ---                       --
+ {"status":0,"code":"20110","data":null,"msg":"手机号码已被注册"}
?           ^         +++                       ++++++
 - [test_register.py:39 ]
2019-04-29 09:48:21,186 -  CASE - ERROR - 报错了，'{"status":1,"code":"10001","data":null,"msg":"注册成功"}' != '{"status":0,"code":"20110","data":null,"msg":"手机号码已被注册"}'
- {"status":1,"code":"10001","data":null,"msg":"注册成功"}
?           ^           ---                       --
+ {"status":0,"code":"20110","data":null,"msg":"手机号码已被注册"}
?           ^         +++                       ++++++
 - [test_register.py:39 ]
2019-04-29 09:48:21,193 -  CASE - INFO - 密码为空，注册失败 - [test_register.py:23 ]
2019-04-29 09:48:21,193 -  CASE - INFO - 密码为空，注册失败 - [test_register.py:23 ]
2019-04-29 09:48:21,193 -  CASE - INFO - 密码为空，注册失败 - [test_register.py:23 ]
2019-04-29 09:48:21,294 -  CASE - INFO - 手机号码为空，注册失败 - [test_register.py:23 ]
2019-04-29 09:48:21,294 -  CASE - INFO - 手机号码为空，注册失败 - [test_register.py:23 ]
2019-04-29 09:48:21,294 -  CASE - INFO - 手机号码为空，注册失败 - [test_register.py:23 ]
2019-04-29 09:48:21,294 -  CASE - INFO - 手机号码为空，注册失败 - [test_register.py:23 ]
2019-04-29 09:48:21,405 -  CASE - INFO - 重复注册 - [test_register.py:23 ]
2019-04-29 09:48:21,405 -  CASE - INFO - 重复注册 - [test_register.py:23 ]
2019-04-29 09:48:21,405 -  CASE - INFO - 重复注册 - [test_register.py:23 ]
2019-04-29 09:48:21,405 -  CASE - INFO - 重复注册 - [test_register.py:23 ]
2019-04-29 09:48:21,405 -  CASE - INFO - 重复注册 - [test_register.py:23 ]
2019-04-29 09:48:21,544 -  CASE - INFO - 测试后置处理 - [test_register.py:44 ]
2019-04-29 09:48:21,544 -  CASE - INFO - 测试后置处理 - [test_register.py:44 ]
2019-04-29 09:48:21,544 -  CASE - INFO - 测试后置处理 - [test_register.py:44 ]
2019-04-29 09:48:21,544 -  CASE - INFO - 测试后置处理 - [test_register.py:44 ]
2019-04-29 09:48:21,544 -  CASE - INFO - 测试后置处理 - [test_register.py:44 ]
2019-04-29 09:48:21,544 -  CASE - INFO - 测试后置处理 - [test_register.py:44 ]
2019-04-29 09:48:55,527 -  case - INFO - 测试开始啦 - [log.py:26 ]
2019-04-29 09:48:55,528 -  case - ERROR - 测试报错 - [log.py:27 ]
2019-04-29 09:48:55,528 -  case - INFO - 测试结束 - [log.py:29 ]
2019-04-29 09:48:57,627 -  CASE - INFO - 测试标题注册成功 - [test_register.py:23 ]
2019-04-29 09:48:57,943 -  CASE - INFO - 测试标题密码为空，注册失败 - [test_register.py:23 ]
2019-04-29 09:48:57,943 -  CASE - INFO - 测试标题密码为空，注册失败 - [test_register.py:23 ]
2019-04-29 09:48:58,071 -  CASE - INFO - 测试标题手机号码为空，注册失败 - [test_register.py:23 ]
2019-04-29 09:48:58,071 -  CASE - INFO - 测试标题手机号码为空，注册失败 - [test_register.py:23 ]
2019-04-29 09:48:58,071 -  CASE - INFO - 测试标题手机号码为空，注册失败 - [test_register.py:23 ]
2019-04-29 09:48:58,197 -  CASE - INFO - 测试标题重复注册 - [test_register.py:23 ]
2019-04-29 09:48:58,197 -  CASE - INFO - 测试标题重复注册 - [test_register.py:23 ]
2019-04-29 09:48:58,197 -  CASE - INFO - 测试标题重复注册 - [test_register.py:23 ]
2019-04-29 09:48:58,197 -  CASE - INFO - 测试标题重复注册 - [test_register.py:23 ]
2019-04-29 09:48:58,335 -  CASE - INFO - 测试后置处理 - [test_register.py:44 ]
2019-04-29 09:48:58,335 -  CASE - INFO - 测试后置处理 - [test_register.py:44 ]
2019-04-29 09:48:58,335 -  CASE - INFO - 测试后置处理 - [test_register.py:44 ]
2019-04-29 09:48:58,335 -  CASE - INFO - 测试后置处理 - [test_register.py:44 ]
2019-04-29 09:48:58,335 -  CASE - INFO - 测试后置处理 - [test_register.py:44 ]
2019-04-29 09:54:38,993 -  case - INFO - 测试开始啦 - [log.py:26 ]
2019-04-29 09:54:38,999 -  case - ERROR - 测试报错 - [log.py:27 ]
2019-04-29 09:54:38,999 -  case - INFO - 测试结束 - [log.py:29 ]
2019-04-29 09:54:41,521 -  CASE - INFO - 测试标题:注册成功 - [test_register.py:23 ]
2019-04-29 09:54:41,832 -  CASE - INFO - 测试后置处理 - [test_register.py:41 ]
2019-04-29 09:54:41,832 -  CASE - INFO - 测试后置处理 - [test_register.py:41 ]
2019-04-29 09:54:41,834 -  CASE - INFO - 测试标题:密码为空，注册失败 - [test_register.py:23 ]
2019-04-29 09:54:41,834 -  CASE - INFO - 测试标题:密码为空，注册失败 - [test_register.py:23 ]
2019-04-29 09:54:41,834 -  CASE - INFO - 测试标题:密码为空，注册失败 - [test_register.py:23 ]
2019-04-29 09:54:41,934 -  CASE - INFO - 测试后置处理 - [test_register.py:41 ]
2019-04-29 09:54:41,934 -  CASE - INFO - 测试后置处理 - [test_register.py:41 ]
2019-04-29 09:54:41,934 -  CASE - INFO - 测试后置处理 - [test_register.py:41 ]
2019-04-29 09:54:41,934 -  CASE - INFO - 测试后置处理 - [test_register.py:41 ]
2019-04-29 09:54:41,936 -  CASE - INFO - 测试标题:手机号码为空，注册失败 - [test_register.py:23 ]
2019-04-29 09:54:41,936 -  CASE - INFO - 测试标题:手机号码为空，注册失败 - [test_register.py:23 ]
2019-04-29 09:54:41,936 -  CASE - INFO - 测试标题:手机号码为空，注册失败 - [test_register.py:23 ]
2019-04-29 09:54:41,936 -  CASE - INFO - 测试标题:手机号码为空，注册失败 - [test_register.py:23 ]
2019-04-29 09:54:41,936 -  CASE - INFO - 测试标题:手机号码为空，注册失败 - [test_register.py:23 ]
2019-04-29 09:54:42,063 -  CASE - INFO - 测试后置处理 - [test_register.py:41 ]
2019-04-29 09:54:42,063 -  CASE - INFO - 测试后置处理 - [test_register.py:41 ]
2019-04-29 09:54:42,063 -  CASE - INFO - 测试后置处理 - [test_register.py:41 ]
2019-04-29 09:54:42,063 -  CASE - INFO - 测试后置处理 - [test_register.py:41 ]
2019-04-29 09:54:42,063 -  CASE - INFO - 测试后置处理 - [test_register.py:41 ]
2019-04-29 09:54:42,063 -  CASE - INFO - 测试后置处理 - [test_register.py:41 ]
2019-04-29 09:54:42,065 -  CASE - INFO - 测试标题:重复注册 - [test_register.py:23 ]
2019-04-29 09:54:42,065 -  CASE - INFO - 测试标题:重复注册 - [test_register.py:23 ]
2019-04-29 09:54:42,065 -  CASE - INFO - 测试标题:重复注册 - [test_register.py:23 ]
2019-04-29 09:54:42,065 -  CASE - INFO - 测试标题:重复注册 - [test_register.py:23 ]
2019-04-29 09:54:42,065 -  CASE - INFO - 测试标题:重复注册 - [test_register.py:23 ]
2019-04-29 09:54:42,065 -  CASE - INFO - 测试标题:重复注册 - [test_register.py:23 ]
2019-04-29 09:54:42,065 -  CASE - INFO - 测试标题:重复注册 - [test_register.py:23 ]
2019-04-29 09:54:42,177 -  CASE - INFO - 测试后置处理 - [test_register.py:41 ]
2019-04-29 09:54:42,177 -  CASE - INFO - 测试后置处理 - [test_register.py:41 ]
2019-04-29 09:54:42,177 -  CASE - INFO - 测试后置处理 - [test_register.py:41 ]
2019-04-29 09:54:42,177 -  CASE - INFO - 测试后置处理 - [test_register.py:41 ]
2019-04-29 09:54:42,177 -  CASE - INFO - 测试后置处理 - [test_register.py:41 ]
2019-04-29 09:54:42,177 -  CASE - INFO - 测试后置处理 - [test_register.py:41 ]
2019-04-29 09:54:42,177 -  CASE - INFO - 测试后置处理 - [test_register.py:41 ]
2019-04-29 09:54:42,177 -  CASE - INFO - 测试后置处理 - [test_register.py:41 ]
2019-04-29 09:55:06,047 -  case - INFO - 测试开始啦 - [log.py:26 ]
2019-04-29 09:55:06,047 -  case - ERROR - 测试报错 - [log.py:27 ]
2019-04-29 09:55:06,047 -  case - INFO - 测试结束 - [log.py:29 ]
2019-04-29 09:55:06,841 -  CASE - INFO - 测试后置处理 - [test_register.py:41 ]
2019-04-29 09:55:08,228 -  CASE - INFO - 测试标题:注册成功 - [test_register.py:23 ]
2019-04-29 09:55:08,228 -  CASE - INFO - 测试标题:注册成功 - [test_register.py:23 ]
2019-04-29 09:55:08,473 -  CASE - INFO - 测试标题:密码为空，注册失败 - [test_register.py:23 ]
2019-04-29 09:55:08,473 -  CASE - INFO - 测试标题:密码为空，注册失败 - [test_register.py:23 ]
2019-04-29 09:55:08,473 -  CASE - INFO - 测试标题:密码为空，注册失败 - [test_register.py:23 ]
2019-04-29 09:55:08,576 -  CASE - INFO - 测试标题:手机号码为空，注册失败 - [test_register.py:23 ]
2019-04-29 09:55:08,576 -  CASE - INFO - 测试标题:手机号码为空，注册失败 - [test_register.py:23 ]
2019-04-29 09:55:08,576 -  CASE - INFO - 测试标题:手机号码为空，注册失败 - [test_register.py:23 ]
2019-04-29 09:55:08,576 -  CASE - INFO - 测试标题:手机号码为空，注册失败 - [test_register.py:23 ]
2019-04-29 09:55:08,697 -  CASE - INFO - 测试标题:重复注册 - [test_register.py:23 ]
2019-04-29 09:55:08,697 -  CASE - INFO - 测试标题:重复注册 - [test_register.py:23 ]
2019-04-29 09:55:08,697 -  CASE - INFO - 测试标题:重复注册 - [test_register.py:23 ]
2019-04-29 09:55:08,697 -  CASE - INFO - 测试标题:重复注册 - [test_register.py:23 ]
2019-04-29 09:55:08,697 -  CASE - INFO - 测试标题:重复注册 - [test_register.py:23 ]
2019-04-29 09:56:07,984 -  case - INFO - 测试开始啦 - [log.py:26 ]
2019-04-29 09:56:07,984 -  case - ERROR - 测试报错 - [log.py:27 ]
2019-04-29 09:56:07,985 -  case - INFO - 测试结束 - [log.py:29 ]
2019-05-06 09:34:08,925 -  case - INFO - 测试开始啦 - [log.py:28 ]
2019-05-06 09:34:08,928 -  case - ERROR - 测试报错 - [log.py:29 ]
2019-05-06 09:34:08,928 -  case - INFO - 测试结束 - [log.py:31 ]
2019-05-06 09:34:08,974 -  CASE - INFO - 测试后置处理 - [test_register.py:43 ]
2019-05-06 09:34:15,443 -  CASE - INFO - 测试标题:注册成功 - [test_register.py:25 ]
2019-05-06 09:34:15,443 -  CASE - INFO - 测试标题:注册成功 - [test_register.py:25 ]
2019-05-06 09:34:15,680 -  CASE - INFO - 测试标题:密码为空，注册失败 - [test_register.py:25 ]
2019-05-06 09:34:15,680 -  CASE - INFO - 测试标题:密码为空，注册失败 - [test_register.py:25 ]
2019-05-06 09:34:15,680 -  CASE - INFO - 测试标题:密码为空，注册失败 - [test_register.py:25 ]
2019-05-06 09:34:15,796 -  CASE - INFO - 测试标题:手机号码为空，注册失败 - [test_register.py:25 ]
2019-05-06 09:34:15,796 -  CASE - INFO - 测试标题:手机号码为空，注册失败 - [test_register.py:25 ]
2019-05-06 09:34:15,796 -  CASE - INFO - 测试标题:手机号码为空，注册失败 - [test_register.py:25 ]
2019-05-06 09:34:15,796 -  CASE - INFO - 测试标题:手机号码为空，注册失败 - [test_register.py:25 ]
2019-05-06 09:34:15,915 -  CASE - INFO - 测试标题:重复注册 - [test_register.py:25 ]
2019-05-06 09:34:15,915 -  CASE - INFO - 测试标题:重复注册 - [test_register.py:25 ]
2019-05-06 09:34:15,915 -  CASE - INFO - 测试标题:重复注册 - [test_register.py:25 ]
2019-05-06 09:34:15,915 -  CASE - INFO - 测试标题:重复注册 - [test_register.py:25 ]
2019-05-06 09:34:15,915 -  CASE - INFO - 测试标题:重复注册 - [test_register.py:25 ]
2019-05-06 09:38:53,403 -  case - INFO - 测试开始啦 - [log.py:28 ]
2019-05-06 09:38:53,518 -  case - ERROR - 测试报错 - [log.py:29 ]
2019-05-06 09:38:53,518 -  case - INFO - 测试结束 - [log.py:31 ]
2019-05-06 09:38:53,718 -  CASE - INFO - 测试后置处理 - [test_register.py:43 ]
2019-05-06 09:48:37,914 -  case - INFO - 测试开始啦 - [log.py:28 ]
2019-05-06 09:48:37,917 -  case - ERROR - 测试报错 - [log.py:29 ]
2019-05-06 09:48:37,918 -  case - INFO - 测试结束 - [log.py:31 ]
2019-05-06 09:48:37,963 -  CASE - INFO - 测试后置处理 - [test_register.py:43 ]
2019-05-06 09:48:43,775 -  CASE - INFO - 测试标题:注册成功 - [test_register.py:25 ]
2019-05-06 09:48:43,775 -  CASE - INFO - 测试标题:注册成功 - [test_register.py:25 ]
2019-05-06 09:48:43,988 -  CASE - ERROR - 报错了，'{"status":1,"code":"10001","data":null,"msg":"注册成功"}' != '{"status":0,"code":"20110","data":null,"msg":"手机号码已被注册"}'
- {"status":1,"code":"10001","data":null,"msg":"注册成功"}
?           ^           ---                       --
+ {"status":0,"code":"20110","data":null,"msg":"手机号码已被注册"}
?           ^         +++                       ++++++
 - [test_register.py:41 ]
2019-05-06 09:48:43,988 -  CASE - ERROR - 报错了，'{"status":1,"code":"10001","data":null,"msg":"注册成功"}' != '{"status":0,"code":"20110","data":null,"msg":"手机号码已被注册"}'
- {"status":1,"code":"10001","data":null,"msg":"注册成功"}
?           ^           ---                       --
+ {"status":0,"code":"20110","data":null,"msg":"手机号码已被注册"}
?           ^         +++                       ++++++
 - [test_register.py:41 ]
2019-05-06 09:48:43,988 -  CASE - ERROR - 报错了，'{"status":1,"code":"10001","data":null,"msg":"注册成功"}' != '{"status":0,"code":"20110","data":null,"msg":"手机号码已被注册"}'
- {"status":1,"code":"10001","data":null,"msg":"注册成功"}
?           ^           ---                       --
+ {"status":0,"code":"20110","data":null,"msg":"手机号码已被注册"}
?           ^         +++                       ++++++
 - [test_register.py:41 ]
2019-05-06 09:48:43,991 -  CASE - INFO - 测试标题:密码为空，注册失败 - [test_register.py:25 ]
2019-05-06 09:48:43,991 -  CASE - INFO - 测试标题:密码为空，注册失败 - [test_register.py:25 ]
2019-05-06 09:48:43,991 -  CASE - INFO - 测试标题:密码为空，注册失败 - [test_register.py:25 ]
2019-05-06 09:48:43,991 -  CASE - INFO - 测试标题:密码为空，注册失败 - [test_register.py:25 ]
2019-05-06 09:48:44,105 -  CASE - INFO - 测试标题:手机号码为空，注册失败 - [test_register.py:25 ]
2019-05-06 09:48:44,105 -  CASE - INFO - 测试标题:手机号码为空，注册失败 - [test_register.py:25 ]
2019-05-06 09:48:44,105 -  CASE - INFO - 测试标题:手机号码为空，注册失败 - [test_register.py:25 ]
2019-05-06 09:48:44,105 -  CASE - INFO - 测试标题:手机号码为空，注册失败 - [test_register.py:25 ]
2019-05-06 09:48:44,105 -  CASE - INFO - 测试标题:手机号码为空，注册失败 - [test_register.py:25 ]
2019-05-06 09:48:44,231 -  CASE - INFO - 测试标题:重复注册 - [test_register.py:25 ]
2019-05-06 09:48:44,231 -  CASE - INFO - 测试标题:重复注册 - [test_register.py:25 ]
2019-05-06 09:48:44,231 -  CASE - INFO - 测试标题:重复注册 - [test_register.py:25 ]
2019-05-06 09:48:44,231 -  CASE - INFO - 测试标题:重复注册 - [test_register.py:25 ]
2019-05-06 09:48:44,231 -  CASE - INFO - 测试标题:重复注册 - [test_register.py:25 ]
2019-05-06 09:48:44,231 -  CASE - INFO - 测试标题:重复注册 - [test_register.py:25 ]
2019-05-06 10:12:24,638 -  case - INFO - 测试开始啦 - [log.py:28 ]
2019-05-06 10:12:24,642 -  case - ERROR - 测试报错 - [log.py:29 ]
2019-05-06 10:12:24,663 -  case - INFO - 测试结束 - [log.py:31 ]
2019-05-06 10:12:24,712 -  CASE - INFO - 测试后置处理 - [test_register.py:43 ]
2019-05-06 10:12:30,891 -  CASE - INFO - 测试标题:注册成功 - [test_register.py:25 ]
2019-05-06 10:12:30,891 -  CASE - INFO - 测试标题:注册成功 - [test_register.py:25 ]
2019-05-06 10:12:31,149 -  CASE - INFO - 测试标题:密码为空，注册失败 - [test_register.py:25 ]
2019-05-06 10:12:31,149 -  CASE - INFO - 测试标题:密码为空，注册失败 - [test_register.py:25 ]
2019-05-06 10:12:31,149 -  CASE - INFO - 测试标题:密码为空，注册失败 - [test_register.py:25 ]
2019-05-06 10:12:31,294 -  CASE - INFO - 测试标题:手机号码为空，注册失败 - [test_register.py:25 ]
2019-05-06 10:12:31,294 -  CASE - INFO - 测试标题:手机号码为空，注册失败 - [test_register.py:25 ]
2019-05-06 10:12:31,294 -  CASE - INFO - 测试标题:手机号码为空，注册失败 - [test_register.py:25 ]
2019-05-06 10:12:31,294 -  CASE - INFO - 测试标题:手机号码为空，注册失败 - [test_register.py:25 ]
2019-05-06 10:12:31,427 -  CASE - INFO - 测试标题:重复注册 - [test_register.py:25 ]
2019-05-06 10:12:31,427 -  CASE - INFO - 测试标题:重复注册 - [test_register.py:25 ]
2019-05-06 10:12:31,427 -  CASE - INFO - 测试标题:重复注册 - [test_register.py:25 ]
2019-05-06 10:12:31,427 -  CASE - INFO - 测试标题:重复注册 - [test_register.py:25 ]
2019-05-06 10:12:31,427 -  CASE - INFO - 测试标题:重复注册 - [test_register.py:25 ]
2019-05-06 10:39:16,340 -  case - INFO - 测试开始啦 - [log.py:28 ]
2019-05-06 10:39:16,341 -  case - ERROR - 测试报错 - [log.py:29 ]
2019-05-06 10:39:16,341 -  case - INFO - 测试结束 - [log.py:31 ]
2019-05-06 10:39:16,401 -  CASE - INFO - 测试后置处理 - [test_register.py:43 ]
2019-05-06 10:39:22,411 -  CASE - INFO - 测试标题:注册成功 - [test_register.py:25 ]
2019-05-06 10:39:22,411 -  CASE - INFO - 测试标题:注册成功 - [test_register.py:25 ]
2019-05-06 10:39:22,636 -  CASE - INFO - 测试标题:密码为空，注册失败 - [test_register.py:25 ]
2019-05-06 10:39:22,636 -  CASE - INFO - 测试标题:密码为空，注册失败 - [test_register.py:25 ]
2019-05-06 10:39:22,636 -  CASE - INFO - 测试标题:密码为空，注册失败 - [test_register.py:25 ]
2019-05-06 10:39:22,753 -  CASE - INFO - 测试标题:手机号码为空，注册失败 - [test_register.py:25 ]
2019-05-06 10:39:22,753 -  CASE - INFO - 测试标题:手机号码为空，注册失败 - [test_register.py:25 ]
2019-05-06 10:39:22,753 -  CASE - INFO - 测试标题:手机号码为空，注册失败 - [test_register.py:25 ]
2019-05-06 10:39:22,753 -  CASE - INFO - 测试标题:手机号码为空，注册失败 - [test_register.py:25 ]
2019-05-06 10:39:22,883 -  CASE - INFO - 测试标题:重复注册 - [test_register.py:25 ]
2019-05-06 10:39:22,883 -  CASE - INFO - 测试标题:重复注册 - [test_register.py:25 ]
2019-05-06 10:39:22,883 -  CASE - INFO - 测试标题:重复注册 - [test_register.py:25 ]
2019-05-06 10:39:22,883 -  CASE - INFO - 测试标题:重复注册 - [test_register.py:25 ]
2019-05-06 10:39:22,883 -  CASE - INFO - 测试标题:重复注册 - [test_register.py:25 ]
